 [2013/07/17 16:31:07] -I- FairDb: FairDbTableProxyRegistry.cxx::SetLoggingStreams():[369] $ FairDb Logging service: opened. 
 [2013/07/17 16:31:07] -I- FairDb: FairDbConnection.cxx::FairDbConnection():[37] $ Creating a DB connection
 [2013/07/17 16:31:07] -I- FairDb: FairDbConnection.cxx::Open():[152] $ Successfully opened connection to: mysql:odbc://localhost/test
 [2013/07/17 16:31:07] -I- FairDb: FairDbConnection.cxx::FairDbConnection():[40] $ successfully opened connection to: mysql:odbc://localhost/test
 [2013/07/17 16:31:07] -I- FairDb: FairDbConnection.cxx::FairDbConnection():[78] $  this client, and MySQL server (MySQL 5.5.31-0+wheezy1) does support prepared statements.
 [2013/07/17 16:31:07] -I- FairDb: FairDbStatement.cxx::ExecuteQuery():[63] $ Server:test SQL:Select * from GLOBALSEQNO where 1=0
 [2013/07/17 16:31:07] -I- FairDb: FairDbConnection.cxx::Close():[192] $ closed connection: mysql:odbc://localhost/test
 [2013/07/17 16:31:07] -I- FairDb: FairDbMultConnector.cxx::FairDbMultConnector():[110] $ 

                                   FairDbMultConnector::  Status:- 
                                                          Status   URL: Closed (auth)  mysql:odbc://localhost/test

 [2013/07/17 16:31:07] -I- FairDb: FairDbStatement.cxx::ExecuteQuery():[63] $ Server:test SQL:select * from GLOBALSEQNO;
 [2013/07/17 16:31:07] -I- FairDb: FairDbConnection.cxx::Open():[152] $ Successfully opened connection to: mysql:odbc://localhost/test
 [2013/07/17 16:31:07] -I- FairDb: FairDbConnection.cxx::Close():[192] $ closed connection: mysql:odbc://localhost/test
 [2013/07/17 16:31:08] -I- FairDb: FairDbConnection.cxx::Open():[152] $ Successfully opened connection to: mysql:odbc://localhost/test
 [2013/07/17 16:31:08] -I- FairDb: FairDbTableProxyRegistry.cxx::GetTableProxy():[231] $  create a FairDbTableProxy 0x3209150 proxyname# E105SLITPAR::E105SlitPar
 [2013/07/17 16:31:08] -I- FairDb: FairDbTableMetaData.cxx::FairDbTableMetaData():[28] $ create for table # E105SLITPAR
 [2013/07/17 16:31:08] -I- FairDb: FairDbTableMetaData.cxx::FairDbTableMetaData():[28] $ create for table # E105SLITPARVAL
 [2013/07/17 16:31:08] -I- FairDb: FairDbProxy.cxx::StoreMetaData():[531] $ Get meta-data for table: E105SLITPAR
 [2013/07/17 16:31:08] -I- FairDb: FairDbProxy.cxx::StoreMetaData():[544] $ Meta-data query succeeded on DB entry# 0
 [2013/07/17 16:31:08] -I- FairDb: FairDbProxy.cxx::StoreMetaData():[570] $ Column 1 SEQNO SQL type 3 SQL type name int(11) DB  type Int data size: 4 col size: 11
 [2013/07/17 16:31:08] -I- FairDb: FairDbProxy.cxx::StoreMetaData():[570] $ Column 2 ROW_COUNTER SQL type 3 SQL type name int(11) DB  type Int data size: 4 col size: 11
 [2013/07/17 16:31:08] -I- FairDb: FairDbProxy.cxx::StoreMetaData():[570] $ Column 3 S2TARGET SQL type 5 SQL type name double DB  type Double data size: 8 col size: 22
 [2013/07/17 16:31:08] -I- FairDb: FairDbProxy.cxx::StoreMetaData():[570] $ Column 4 SLITSHIFT SQL type 5 SQL type name double DB  type Double data size: 8 col size: 22
 [2013/07/17 16:31:08] -I- FairDb: FairDbProxy.cxx::StoreMetaData():[531] $ Get meta-data for table: E105SLITPARVAL
 [2013/07/17 16:31:08] -I- FairDb: FairDbProxy.cxx::StoreMetaData():[544] $ Meta-data query succeeded on DB entry# 0
 [2013/07/17 16:31:08] -I- FairDb: FairDbProxy.cxx::StoreMetaData():[570] $ Column 1 SEQNO SQL type 3 SQL type name int(11) DB  type Int data size: 4 col size: 11
 [2013/07/17 16:31:08] -I- FairDb: FairDbProxy.cxx::StoreMetaData():[570] $ Column 2 TIMESTART SQL type -1 SQL type name datetime DB  type Date data size: 4 col size: 19
 [2013/07/17 16:31:08] -I- FairDb: FairDbProxy.cxx::StoreMetaData():[570] $ Column 3 TIMEEND SQL type -1 SQL type name datetime DB  type Date data size: 4 col size: 19
 [2013/07/17 16:31:08] -I- FairDb: FairDbProxy.cxx::StoreMetaData():[570] $ Column 4 DETECTORMASK SQL type 3 SQL type name tinyint(4) DB  type Tiny data size: 1 col size: 4
 [2013/07/17 16:31:08] -I- FairDb: FairDbProxy.cxx::StoreMetaData():[570] $ Column 5 SIMMASK SQL type 3 SQL type name tinyint(4) DB  type Tiny data size: 1 col size: 4
 [2013/07/17 16:31:08] -I- FairDb: FairDbProxy.cxx::StoreMetaData():[570] $ Column 6 VERSION SQL type 3 SQL type name int(11) DB  type Int data size: 4 col size: 11
 [2013/07/17 16:31:08] -I- FairDb: FairDbProxy.cxx::StoreMetaData():[570] $ Column 7 AGGREGATENO SQL type 3 SQL type name int(11) DB  type Int data size: 4 col size: 11
 [2013/07/17 16:31:08] -I- FairDb: FairDbProxy.cxx::StoreMetaData():[570] $ Column 8 CREATIONDATE SQL type -1 SQL type name datetime DB  type Date data size: 4 col size: 19
 [2013/07/17 16:31:08] -I- FairDb: FairDbProxy.cxx::StoreMetaData():[570] $ Column 9 INSERTDATE SQL type -1 SQL type name datetime DB  type Date data size: 4 col size: 19
 [2013/07/17 16:31:08] -I- FairDb: FairDbTableProxy.cxx::FairDbTableProxy():[54] $ created E105SLITPAR at 0x32092f0 (table exists)
 [2013/07/17 16:31:08] -I- FairDb: FairDbTableProxy.cxx::FairDbTableProxy():[59] $ Connected Table Row  0x32094a0
 [2013/07/17 16:31:08] -I- FairDb: FairDbTableProxyRegistry.cxx::GetTableProxy():[231] $  create a FairDbTableProxy 0x7fffa8997140 proxyname# E105SLITPAR::FairDbConfigSet
 [2013/07/17 16:31:08] -I- FairDb: FairDbTableMetaData.cxx::FairDbTableMetaData():[28] $ create for table # E105SLITPAR
 [2013/07/17 16:31:08] -I- FairDb: FairDbTableMetaData.cxx::FairDbTableMetaData():[28] $ create for table # E105SLITPARVAL
 [2013/07/17 16:31:08] -I- FairDb: FairDbProxy.cxx::StoreMetaData():[531] $ Get meta-data for table: E105SLITPAR
 [2013/07/17 16:31:08] -I- FairDb: FairDbProxy.cxx::StoreMetaData():[544] $ Meta-data query succeeded on DB entry# 0
 [2013/07/17 16:31:08] -I- FairDb: FairDbProxy.cxx::StoreMetaData():[570] $ Column 1 SEQNO SQL type 3 SQL type name int(11) DB  type Int data size: 4 col size: 11
 [2013/07/17 16:31:08] -I- FairDb: FairDbProxy.cxx::StoreMetaData():[570] $ Column 2 ROW_COUNTER SQL type 3 SQL type name int(11) DB  type Int data size: 4 col size: 11
 [2013/07/17 16:31:08] -I- FairDb: FairDbProxy.cxx::StoreMetaData():[570] $ Column 3 S2TARGET SQL type 5 SQL type name double DB  type Double data size: 8 col size: 22
 [2013/07/17 16:31:08] -I- FairDb: FairDbProxy.cxx::StoreMetaData():[570] $ Column 4 SLITSHIFT SQL type 5 SQL type name double DB  type Double data size: 8 col size: 22
 [2013/07/17 16:31:08] -I- FairDb: FairDbProxy.cxx::StoreMetaData():[531] $ Get meta-data for table: E105SLITPARVAL
 [2013/07/17 16:31:08] -I- FairDb: FairDbProxy.cxx::StoreMetaData():[544] $ Meta-data query succeeded on DB entry# 0
 [2013/07/17 16:31:08] -I- FairDb: FairDbProxy.cxx::StoreMetaData():[570] $ Column 1 SEQNO SQL type 3 SQL type name int(11) DB  type Int data size: 4 col size: 11
 [2013/07/17 16:31:08] -I- FairDb: FairDbProxy.cxx::StoreMetaData():[570] $ Column 2 TIMESTART SQL type -1 SQL type name datetime DB  type Date data size: 4 col size: 19
 [2013/07/17 16:31:08] -I- FairDb: FairDbProxy.cxx::StoreMetaData():[570] $ Column 3 TIMEEND SQL type -1 SQL type name datetime DB  type Date data size: 4 col size: 19
 [2013/07/17 16:31:08] -I- FairDb: FairDbProxy.cxx::StoreMetaData():[570] $ Column 4 DETECTORMASK SQL type 3 SQL type name tinyint(4) DB  type Tiny data size: 1 col size: 4
 [2013/07/17 16:31:08] -I- FairDb: FairDbProxy.cxx::StoreMetaData():[570] $ Column 5 SIMMASK SQL type 3 SQL type name tinyint(4) DB  type Tiny data size: 1 col size: 4
 [2013/07/17 16:31:08] -I- FairDb: FairDbProxy.cxx::StoreMetaData():[570] $ Column 6 VERSION SQL type 3 SQL type name int(11) DB  type Int data size: 4 col size: 11
 [2013/07/17 16:31:08] -I- FairDb: FairDbProxy.cxx::StoreMetaData():[570] $ Column 7 AGGREGATENO SQL type 3 SQL type name int(11) DB  type Int data size: 4 col size: 11
 [2013/07/17 16:31:08] -I- FairDb: FairDbProxy.cxx::StoreMetaData():[570] $ Column 8 CREATIONDATE SQL type -1 SQL type name datetime DB  type Date data size: 4 col size: 19
 [2013/07/17 16:31:08] -I- FairDb: FairDbProxy.cxx::StoreMetaData():[570] $ Column 9 INSERTDATE SQL type -1 SQL type name datetime DB  type Date data size: 4 col size: 19
 [2013/07/17 16:31:08] -I- FairDb: FairDbTableProxy.cxx::FairDbTableProxy():[54] $ created E105SLITPAR at 0x320ac20 (table exists)
 [2013/07/17 16:31:08] -I- FairDb: FairDbTableProxy.cxx::FairDbTableProxy():[59] $ Connected Table Row  0x320a530
 [2013/07/17 16:31:08] -I- FairDb: FairDbMultConnector.cxx::SetBLock():[404] $ Lock requested: 1 issuing lock command: LOCK TABLES GLOBALSEQNO WRITE, E105SLITPARVAL WRITE
 [2013/07/17 16:31:08] -I- FairDb: FairDbStatement.cxx::ExecuteUpdate():[104] $ ExecuteUpdate SQL:test:LOCK TABLES GLOBALSEQNO WRITE, E105SLITPARVAL WRITE
 [2013/07/17 16:31:08] -I- FairDb: FairDbMultConnector.cxx::ReserveNextSeqNo():[481] $  tablename: GLOBALSEQNO query: select * from GLOBALSEQNO where TABLENAME = '*' or TABLENAME = 'E105SLITPAR' order by TABLENAME
 [2013/07/17 16:31:08] -I- FairDb: FairDbStatement.cxx::ExecuteQuery():[63] $ Server:test SQL:select * from GLOBALSEQNO where TABLENAME = '*' or TABLENAME = 'E105SLITPAR' order by TABLENAME
 [2013/07/17 16:31:08] -I- FairDb: FairDbMultConnector.cxx::ReserveNextSeqNo():[500] $ query returned last used seqno: 900000008
 [2013/07/17 16:31:08] -I- FairDb: FairDbMultConnector.cxx::ReserveNextSeqNo():[517] $ Database: 0 max  SEQNO query: select max(SEQNO) from E105SLITPARVAL where SEQNO between 900000000 and 999999999
 [2013/07/17 16:31:08] -I- FairDb: FairDbStatement.cxx::ExecuteQuery():[63] $ Server:test SQL:select max(SEQNO) from E105SLITPARVAL where SEQNO between 900000000 and 999999999
 [2013/07/17 16:31:08] -I- FairDb: FairDbMultConnector.cxx::ReserveNextSeqNo():[547] $ SEQNO entry removal: delete from GLOBALSEQNO where TABLENAME='E105SLITPAR'
 [2013/07/17 16:31:08] -I- FairDb: FairDbStatement.cxx::ExecuteUpdate():[104] $ ExecuteUpdate SQL:test:delete from GLOBALSEQNO where TABLENAME='E105SLITPAR'
 [2013/07/17 16:31:08] -I- FairDb: FairDbMultConnector.cxx::ReserveNextSeqNo():[557] $ SEQNO entry add: insert into  GLOBALSEQNO values('E105SLITPAR',900000009)
 [2013/07/17 16:31:08] -I- FairDb: FairDbStatement.cxx::ExecuteUpdate():[104] $ ExecuteUpdate SQL:test:insert into  GLOBALSEQNO values('E105SLITPAR',900000009)
 [2013/07/17 16:31:08] -I- FairDb: FairDbMultConnector.cxx::SetBLock():[404] $ Lock requested: 0 issuing lock command: UNLOCK TABLES;
 [2013/07/17 16:31:08] -I- FairDb: FairDbStatement.cxx::ExecuteUpdate():[104] $ ExecuteUpdate SQL:test:UNLOCK TABLES;
 [2013/07/17 16:31:08] -I- FairDb: FairDb.cxx::SetTimeGate():[132] $ Setting time gate 864000 for E105SLITPAR
 [2013/07/17 16:31:08] -I- FairDb: FairDb.cxx::GetTimeGate():[35] $  Returning time gate 864000 for E105SLITPAR
 [2013/07/17 16:31:08] -I- FairDb: FairDb.cxx::GetTimeGate():[35] $  Returning time gate 864000 for E105SLITPAR
 [2013/07/17 16:31:08] -I- FairDb: FairDbProxy.cxx::QueryValidity():[293] $ Database: 0 query: select * from E105SLITPARVAL where     TimeStart <= '2013-07-27 14:31:07' and TimeEnd    > '2013-07-07 14:31:07' and DetectorMask & 24 and SimMask & 1 and  Version = 0 order by CREATIONDATE desc;
 [2013/07/17 16:31:08] -I- FairDb: FairDbStatement.cxx::ExecuteQuery():[63] $ Server:test SQL:select * from E105SLITPARVAL where     TimeStart <= '2013-07-27 14:31:07' and TimeEnd    > '2013-07-07 14:31:07' and DetectorMask & 24 and SimMask & 1 and  Version = 0 order by CREATIONDATE desc;
 [2013/07/17 16:31:08] -I- FairDb: FairDbValidityRec.cxx::Fill():[160] $ FairDbValidityRecord for row: 0: |det 0x0014|sim 0x0001|
	 2013-07-17 09:32:15.000000000Z
	 2038-01-19 03:14:07.000000000Z
	 from source: From Database seq num: 900000008 agg no: -1 version: 0
 [2013/07/17 16:31:08] -I- FairDb: FairDbValidityRec.cxx::Fill():[160] $ FairDbValidityRecord for row: 1: |det 0x0014|sim 0x0001|
	 2013-07-17 09:31:54.000000000Z
	 2038-01-19 03:14:07.000000000Z
	 from source: From Database seq num: 900000007 agg no: -1 version: 0
 [2013/07/17 16:31:08] -I- FairDb: FairDbValidityRec.cxx::Fill():[160] $ FairDbValidityRecord for row: 2: |det 0x0014|sim 0x0001|
	 2013-07-17 09:27:35.000000000Z
	 2038-01-19 03:14:07.000000000Z
	 from source: From Database seq num: 900000006 agg no: -1 version: 0
 [2013/07/17 16:31:08] -I- FairDb: FairDbValidityRec.cxx::Fill():[160] $ FairDbValidityRecord for row: 3: |det 0x0014|sim 0x0001|
	 2013-07-17 09:26:48.000000000Z
	 2038-01-19 03:14:07.000000000Z
	 from source: From Database seq num: 900000005 agg no: -1 version: 0
 [2013/07/17 16:31:08] -I- FairDb: FairDbValidityRec.cxx::Fill():[160] $ FairDbValidityRecord for row: 4: |det 0x0014|sim 0x0001|
	 2013-07-17 09:26:25.000000000Z
	 2038-01-19 03:14:07.000000000Z
	 from source: From Database seq num: 900000004 agg no: -1 version: 0
 [2013/07/17 16:31:08] -I- FairDb: FairDbValidityRec.cxx::Fill():[160] $ FairDbValidityRecord for row: 5: |det 0x0014|sim 0x0001|
	 2013-07-16 15:56:43.000000000Z
	 2038-01-19 03:14:07.000000000Z
	 from source: From Database seq num: 900000003 agg no: -1 version: 0
 [2013/07/17 16:31:08] -I- FairDb: FairDbValidityRec.cxx::Fill():[160] $ FairDbValidityRecord for row: 6: |det 0x0014|sim 0x0001|
	 2013-07-16 12:50:44.000000000Z
	 2038-01-19 03:14:07.000000000Z
	 from source: From Database seq num: 900000002 agg no: -1 version: 0
 [2013/07/17 16:31:08] -I- FairDb: FairDbValidityRec.cxx::Fill():[160] $ FairDbValidityRecord for row: 7: |det 0x0014|sim 0x0001|
	 2013-07-16 12:50:28.000000000Z
	 2038-01-19 03:14:07.000000000Z
	 from source: From Database seq num: 900000001 agg no: -1 version: 0
 [2013/07/17 16:31:08] -I- FairDb: FairDbResult.cxx::FairDbResultNonAgg():[1022] $ Created unaggregated VAL result set no. of rows: 8
 [2013/07/17 16:31:08] -I- FairDb: FairDbProxy.cxx::FindTimeBoundaries():[69] $ FindTimeBoundaries for table E105SLITPAR context {?Unkno|  Data|2013-07-17 14:31:07.000000000Z} version 0 Earliest creation date 2013-07-16 12:57:28.000000000Z database 0
 [2013/07/17 16:31:08] -I- FairDb: FairDb.cxx::GetTimeGate():[35] $  Returning time gate 864000 for E105SLITPAR
 [2013/07/17 16:31:08] -I- FairDb: FairDbProxy.cxx::FindTimeBoundaries():[113] $   FindTimeBoundaries query no. 1 SQL:select min(TIMESTART) from E105SLITPARVAL where TIMESTART > '2013-07-27 14:31:07'  and DetectorMask & 24 and SimMask & 1 and CREATIONDATE >= '2013-07-16 12:57:28' and  Version = 0
 [2013/07/17 16:31:08] -I- FairDb: FairDbStatement.cxx::ExecuteQuery():[63] $ Server:test SQL:select min(TIMESTART) from E105SLITPARVAL where TIMESTART > '2013-07-27 14:31:07'  and DetectorMask & 24 and SimMask & 1 and CREATIONDATE >= '2013-07-16 12:57:28' and  Version = 0
 [2013/07/17 16:31:08] -I- FairDb: FairDbProxy.cxx::FindTimeBoundaries():[113] $   FindTimeBoundaries query no. 2 SQL:select min(TIMEEND) from E105SLITPARVAL where TIMEEND > '2013-07-27 14:31:07'  and DetectorMask & 24 and SimMask & 1 and CREATIONDATE >= '2013-07-16 12:57:28' and  Version = 0
 [2013/07/17 16:31:08] -I- FairDb: FairDbStatement.cxx::ExecuteQuery():[63] $ Server:test SQL:select min(TIMEEND) from E105SLITPARVAL where TIMEEND > '2013-07-27 14:31:07'  and DetectorMask & 24 and SimMask & 1 and CREATIONDATE >= '2013-07-16 12:57:28' and  Version = 0
 [2013/07/17 16:31:08] -I- FairDb: FairDbProxy.cxx::FindTimeBoundaries():[125] $   FindTimeBoundaries query result: 2038-01-19 03:14:07.000000000Z
 [2013/07/17 16:31:08] -I- FairDb: FairDbProxy.cxx::FindTimeBoundaries():[113] $   FindTimeBoundaries query no. 3 SQL:select max(TIMESTART) from E105SLITPARVAL where TIMESTART < '2013-07-07 14:31:07'  and DetectorMask & 24 and SimMask & 1 and CREATIONDATE >= '2013-07-16 12:57:28' and  Version = 0
 [2013/07/17 16:31:08] -I- FairDb: FairDbStatement.cxx::ExecuteQuery():[63] $ Server:test SQL:select max(TIMESTART) from E105SLITPARVAL where TIMESTART < '2013-07-07 14:31:07'  and DetectorMask & 24 and SimMask & 1 and CREATIONDATE >= '2013-07-16 12:57:28' and  Version = 0
 [2013/07/17 16:31:08] -I- FairDb: FairDbProxy.cxx::FindTimeBoundaries():[113] $   FindTimeBoundaries query no. 4 SQL:select max(TIMEEND) from E105SLITPARVAL where TIMEEND < '2013-07-07 14:31:07'  and DetectorMask & 24 and SimMask & 1 and CREATIONDATE >= '2013-07-16 12:57:28' and  Version = 0
 [2013/07/17 16:31:08] -I- FairDb: FairDbStatement.cxx::ExecuteQuery():[63] $ Server:test SQL:select max(TIMEEND) from E105SLITPARVAL where TIMEEND < '2013-07-07 14:31:07'  and DetectorMask & 24 and SimMask & 1 and CREATIONDATE >= '2013-07-16 12:57:28' and  Version = 0
 [2013/07/17 16:31:08] -I- FairDb: FairDbProxy.cxx::FindTimeBoundaries():[131] $ FindTimeBoundaries for table E105SLITPAR found 1970-01-01 00:00:00.000000000Z .. 2038-01-19 03:14:07.000000000Z
 [2013/07/17 16:31:08] -I- FairDb: FairDbValidityRecBuilder.cxx::FairDbValidityRecBuilder():[133] $ Trimming validity records to 1970-01-01 00:00:00.000000000Z .. 2038-01-19 03:14:07.000000000Z
 [2013/07/17 16:31:08] -I- FairDb: FairDbValidityRecBuilder.cxx::FairDbValidityRecBuilder():[154] $ FairDbValidityRecBuilder:
 Query: {?Unkno|  Data|2013-07-17 14:31:07.000000000Z}
 using associated SimFlag: Data for Data found 8 vrecs in database, for 1 composites:-.
 [2013/07/17 16:31:08] -I- FairDb: FairDbValidityRecBuilder.cxx::FairDbValidityRecBuilder():[165] $  0 -I- FairDbValidityRec:: SeqNo: 900000008  AggNo: -1  DbNo: 0  ValRange: |0x14|0x1| 2013-07-17 09:32:15 .. 2038-01-19 03:14:07 from: From Database
 [2013/07/17 16:31:08] -I- FairDb: FairDb.cxx::GetTimeGate():[35] $  Returning time gate 864000 for E105SLITPAR
 [2013/07/17 16:31:08] -I- FairDb: FairDbTableProxy.cxx::QueryOverlayCreationDate():[286] $ Looking for overlay creation date for: -I- FairDbValidityRec:: SeqNo: 0  AggNo: -1  DbNo: 0  ValRange: |0x18|0x1| 2013-07-17 14:31:07 .. 2038-01-19 03:14:07 from: Data Transmission Fidelity.found it would overlap: -I- FairDbValidityRec:: SeqNo: 900000008  AggNo: -1  DbNo: 0  ValRange: |0x14|0x1| 2013-07-17 09:32:15 .. 2038-01-19 03:14:07 from: From Database so overlay creation date set to 2013-07-16 12:58:28
 [2013/07/17 16:31:08] -I- FairDb: FairDbStatement.cxx::ExecuteUpdate():[104] $ ExecuteUpdate SQL:test:INSERT INTO E105SLITPARVAL VALUES (900000009,'2013-07-17 14:31:07','2038-01-19 03:14:07',24,1,0,-1,'2013-07-16 12:58:28','2013-07-17 14:31:08');
 [2013/07/17 16:31:08] -I- FairDb: FairDbStatement.cxx::ExecuteUpdate():[104] $ ExecuteUpdate SQL:test:INSERT INTO E105SLITPAR VALUES (900000009,1,3,-0.75);
 [2013/07/17 16:31:08] -I- FairDb: FairDbTableProxyRegistry.cxx::GetTableProxy():[231] $  create a FairDbTableProxy 0x7fffa8997660 proxyname# FAIRDBLOGENTRY::FairDbLogEntry
 [2013/07/17 16:31:08] -I- FairDb: FairDbTableMetaData.cxx::FairDbTableMetaData():[28] $ create for table # FAIRDBLOGENTRY
 [2013/07/17 16:31:08] -I- FairDb: FairDbTableMetaData.cxx::FairDbTableMetaData():[28] $ create for table # FAIRDBLOGENTRYVAL
 [2013/07/17 16:31:08] -I- FairDb: FairDbProxy.cxx::StoreMetaData():[531] $ Get meta-data for table: FAIRDBLOGENTRY
 [2013/07/17 16:31:08] -I- FairDb: FairDbProxy.cxx::StoreMetaData():[544] $ Meta-data query succeeded on DB entry# 0
 [2013/07/17 16:31:08] -I- FairDb: FairDbProxy.cxx::StoreMetaData():[570] $ Column 1 SEQNO SQL type 3 SQL type name int(11) DB  type Int data size: 4 col size: 11
 [2013/07/17 16:31:08] -I- FairDb: FairDbProxy.cxx::StoreMetaData():[570] $ Column 2 ROW_COUNTER SQL type 3 SQL type name int(11) DB  type Int data size: 4 col size: 11
 [2013/07/17 16:31:08] -I- FairDb: FairDbProxy.cxx::StoreMetaData():[570] $ Column 3 TABLENAME SQL type 2 SQL type name text DB  type String data size: 65535 col size: 65535
 [2013/07/17 16:31:08] -I- FairDb: FairDbProxy.cxx::StoreMetaData():[570] $ Column 4 SEQNOMIN SQL type 3 SQL type name int(11) DB  type Int data size: 4 col size: 11
 [2013/07/17 16:31:08] -I- FairDb: FairDbProxy.cxx::StoreMetaData():[570] $ Column 5 SEQNOMAX SQL type 3 SQL type name int(11) DB  type Int data size: 4 col size: 11
 [2013/07/17 16:31:08] -I- FairDb: FairDbProxy.cxx::StoreMetaData():[570] $ Column 6 NUMSEQNO SQL type 3 SQL type name int(11) DB  type Int data size: 4 col size: 11
 [2013/07/17 16:31:08] -I- FairDb: FairDbProxy.cxx::StoreMetaData():[570] $ Column 7 USERNAME SQL type 2 SQL type name text DB  type String data size: 65535 col size: 65535
 [2013/07/17 16:31:08] -I- FairDb: FairDbProxy.cxx::StoreMetaData():[570] $ Column 8 PROCESSNAME SQL type 2 SQL type name text DB  type String data size: 65535 col size: 65535
 [2013/07/17 16:31:08] -I- FairDb: FairDbProxy.cxx::StoreMetaData():[570] $ Column 9 HOSTNAME SQL type 2 SQL type name text DB  type String data size: 65535 col size: 65535
 [2013/07/17 16:31:08] -I- FairDb: FairDbProxy.cxx::StoreMetaData():[570] $ Column 10 SERVERNAME SQL type 2 SQL type name text DB  type String data size: 65535 col size: 65535
 [2013/07/17 16:31:08] -I- FairDb: FairDbProxy.cxx::StoreMetaData():[570] $ Column 11 LOG_REASON SQL type 2 SQL type name text DB  type String data size: 65535 col size: 65535
 [2013/07/17 16:31:08] -I- FairDb: FairDbProxy.cxx::StoreMetaData():[531] $ Get meta-data for table: FAIRDBLOGENTRYVAL
 [2013/07/17 16:31:08] -I- FairDb: FairDbProxy.cxx::StoreMetaData():[544] $ Meta-data query succeeded on DB entry# 0
 [2013/07/17 16:31:08] -I- FairDb: FairDbProxy.cxx::StoreMetaData():[570] $ Column 1 SEQNO SQL type 3 SQL type name int(11) DB  type Int data size: 4 col size: 11
 [2013/07/17 16:31:08] -I- FairDb: FairDbProxy.cxx::StoreMetaData():[570] $ Column 2 TIMESTART SQL type -1 SQL type name datetime DB  type Date data size: 4 col size: 19
 [2013/07/17 16:31:08] -I- FairDb: FairDbProxy.cxx::StoreMetaData():[570] $ Column 3 TIMEEND SQL type -1 SQL type name datetime DB  type Date data size: 4 col size: 19
 [2013/07/17 16:31:08] -I- FairDb: FairDbProxy.cxx::StoreMetaData():[570] $ Column 4 DETECTORMASK SQL type 3 SQL type name tinyint(4) DB  type Tiny data size: 1 col size: 4
 [2013/07/17 16:31:08] -I- FairDb: FairDbProxy.cxx::StoreMetaData():[570] $ Column 5 SIMMASK SQL type 3 SQL type name tinyint(4) DB  type Tiny data size: 1 col size: 4
 [2013/07/17 16:31:08] -I- FairDb: FairDbProxy.cxx::StoreMetaData():[570] $ Column 6 TASK SQL type 3 SQL type name int(11) DB  type Int data size: 4 col size: 11
 [2013/07/17 16:31:08] -I- FairDb: FairDbProxy.cxx::StoreMetaData():[570] $ Column 7 AGGREGATENO SQL type 3 SQL type name int(11) DB  type Int data size: 4 col size: 11
 [2013/07/17 16:31:08] -I- FairDb: FairDbProxy.cxx::StoreMetaData():[570] $ Column 8 CREATIONDATE SQL type -1 SQL type name datetime DB  type Date data size: 4 col size: 19
 [2013/07/17 16:31:08] -I- FairDb: FairDbProxy.cxx::StoreMetaData():[570] $ Column 9 INSERTDATE SQL type -1 SQL type name datetime DB  type Date data size: 4 col size: 19
 [2013/07/17 16:31:08] -I- FairDb: FairDbTableProxy.cxx::FairDbTableProxy():[54] $ created FAIRDBLOGENTRY at 0x3209d90 (table exists)
 [2013/07/17 16:31:08] -I- FairDb: FairDbTableProxy.cxx::FairDbTableProxy():[59] $ Connected Table Row  0x320f730
 [2013/07/17 16:31:08] -I- FairDb: FairDbMultConnector.cxx::SetBLock():[404] $ Lock requested: 1 issuing lock command: LOCK TABLES GLOBALSEQNO WRITE, FAIRDBLOGENTRYVAL WRITE
 [2013/07/17 16:31:08] -I- FairDb: FairDbStatement.cxx::ExecuteUpdate():[104] $ ExecuteUpdate SQL:test:LOCK TABLES GLOBALSEQNO WRITE, FAIRDBLOGENTRYVAL WRITE
 [2013/07/17 16:31:08] -I- FairDb: FairDbMultConnector.cxx::ReserveNextSeqNo():[481] $  tablename: GLOBALSEQNO query: select * from GLOBALSEQNO where TABLENAME = '*' or TABLENAME = 'FAIRDBLOGENTRY' order by TABLENAME
 [2013/07/17 16:31:08] -I- FairDb: FairDbStatement.cxx::ExecuteQuery():[63] $ Server:test SQL:select * from GLOBALSEQNO where TABLENAME = '*' or TABLENAME = 'FAIRDBLOGENTRY' order by TABLENAME
 [2013/07/17 16:31:08] -I- FairDb: FairDbMultConnector.cxx::ReserveNextSeqNo():[500] $ query returned last used seqno: 900000008
 [2013/07/17 16:31:08] -I- FairDb: FairDbMultConnector.cxx::ReserveNextSeqNo():[517] $ Database: 0 max  SEQNO query: select max(SEQNO) from FAIRDBLOGENTRYVAL where SEQNO between 900000000 and 999999999
 [2013/07/17 16:31:08] -I- FairDb: FairDbStatement.cxx::ExecuteQuery():[63] $ Server:test SQL:select max(SEQNO) from FAIRDBLOGENTRYVAL where SEQNO between 900000000 and 999999999
 [2013/07/17 16:31:08] -I- FairDb: FairDbMultConnector.cxx::ReserveNextSeqNo():[547] $ SEQNO entry removal: delete from GLOBALSEQNO where TABLENAME='FAIRDBLOGENTRY'
 [2013/07/17 16:31:08] -I- FairDb: FairDbStatement.cxx::ExecuteUpdate():[104] $ ExecuteUpdate SQL:test:delete from GLOBALSEQNO where TABLENAME='FAIRDBLOGENTRY'
 [2013/07/17 16:31:08] -I- FairDb: FairDbMultConnector.cxx::ReserveNextSeqNo():[557] $ SEQNO entry add: insert into  GLOBALSEQNO values('FAIRDBLOGENTRY',900000009)
 [2013/07/17 16:31:08] -I- FairDb: FairDbStatement.cxx::ExecuteUpdate():[104] $ ExecuteUpdate SQL:test:insert into  GLOBALSEQNO values('FAIRDBLOGENTRY',900000009)
 [2013/07/17 16:31:08] -I- FairDb: FairDbMultConnector.cxx::SetBLock():[404] $ Lock requested: 0 issuing lock command: UNLOCK TABLES;
 [2013/07/17 16:31:08] -I- FairDb: FairDbStatement.cxx::ExecuteUpdate():[104] $ ExecuteUpdate SQL:test:UNLOCK TABLES;
 [2013/07/17 16:31:08] -I- FairDb: FairDbTableProxyRegistry.cxx::GetTableProxy():[231] $  create a FairDbTableProxy 0x7fffa8996e60 proxyname# FAIRDBLOGENTRY::FairDbConfigSet
 [2013/07/17 16:31:08] -I- FairDb: FairDbTableMetaData.cxx::FairDbTableMetaData():[28] $ create for table # FAIRDBLOGENTRY
 [2013/07/17 16:31:08] -I- FairDb: FairDbTableMetaData.cxx::FairDbTableMetaData():[28] $ create for table # FAIRDBLOGENTRYVAL
 [2013/07/17 16:31:08] -I- FairDb: FairDbProxy.cxx::StoreMetaData():[531] $ Get meta-data for table: FAIRDBLOGENTRY
 [2013/07/17 16:31:08] -I- FairDb: FairDbProxy.cxx::StoreMetaData():[544] $ Meta-data query succeeded on DB entry# 0
 [2013/07/17 16:31:08] -I- FairDb: FairDbProxy.cxx::StoreMetaData():[570] $ Column 1 SEQNO SQL type 3 SQL type name int(11) DB  type Int data size: 4 col size: 11
 [2013/07/17 16:31:08] -I- FairDb: FairDbProxy.cxx::StoreMetaData():[570] $ Column 2 ROW_COUNTER SQL type 3 SQL type name int(11) DB  type Int data size: 4 col size: 11
 [2013/07/17 16:31:08] -I- FairDb: FairDbProxy.cxx::StoreMetaData():[570] $ Column 3 TABLENAME SQL type 2 SQL type name text DB  type String data size: 65535 col size: 65535
 [2013/07/17 16:31:08] -I- FairDb: FairDbProxy.cxx::StoreMetaData():[570] $ Column 4 SEQNOMIN SQL type 3 SQL type name int(11) DB  type Int data size: 4 col size: 11
 [2013/07/17 16:31:08] -I- FairDb: FairDbProxy.cxx::StoreMetaData():[570] $ Column 5 SEQNOMAX SQL type 3 SQL type name int(11) DB  type Int data size: 4 col size: 11
 [2013/07/17 16:31:08] -I- FairDb: FairDbProxy.cxx::StoreMetaData():[570] $ Column 6 NUMSEQNO SQL type 3 SQL type name int(11) DB  type Int data size: 4 col size: 11
 [2013/07/17 16:31:08] -I- FairDb: FairDbProxy.cxx::StoreMetaData():[570] $ Column 7 USERNAME SQL type 2 SQL type name text DB  type String data size: 65535 col size: 65535
 [2013/07/17 16:31:08] -I- FairDb: FairDbProxy.cxx::StoreMetaData():[570] $ Column 8 PROCESSNAME SQL type 2 SQL type name text DB  type String data size: 65535 col size: 65535
 [2013/07/17 16:31:08] -I- FairDb: FairDbProxy.cxx::StoreMetaData():[570] $ Column 9 HOSTNAME SQL type 2 SQL type name text DB  type String data size: 65535 col size: 65535
 [2013/07/17 16:31:08] -I- FairDb: FairDbProxy.cxx::StoreMetaData():[570] $ Column 10 SERVERNAME SQL type 2 SQL type name text DB  type String data size: 65535 col size: 65535
 [2013/07/17 16:31:08] -I- FairDb: FairDbProxy.cxx::StoreMetaData():[570] $ Column 11 LOG_REASON SQL type 2 SQL type name text DB  type String data size: 65535 col size: 65535
 [2013/07/17 16:31:08] -I- FairDb: FairDbProxy.cxx::StoreMetaData():[531] $ Get meta-data for table: FAIRDBLOGENTRYVAL
 [2013/07/17 16:31:08] -I- FairDb: FairDbProxy.cxx::StoreMetaData():[544] $ Meta-data query succeeded on DB entry# 0
 [2013/07/17 16:31:08] -I- FairDb: FairDbProxy.cxx::StoreMetaData():[570] $ Column 1 SEQNO SQL type 3 SQL type name int(11) DB  type Int data size: 4 col size: 11
 [2013/07/17 16:31:08] -I- FairDb: FairDbProxy.cxx::StoreMetaData():[570] $ Column 2 TIMESTART SQL type -1 SQL type name datetime DB  type Date data size: 4 col size: 19
 [2013/07/17 16:31:08] -I- FairDb: FairDbProxy.cxx::StoreMetaData():[570] $ Column 3 TIMEEND SQL type -1 SQL type name datetime DB  type Date data size: 4 col size: 19
 [2013/07/17 16:31:08] -I- FairDb: FairDbProxy.cxx::StoreMetaData():[570] $ Column 4 DETECTORMASK SQL type 3 SQL type name tinyint(4) DB  type Tiny data size: 1 col size: 4
 [2013/07/17 16:31:08] -I- FairDb: FairDbProxy.cxx::StoreMetaData():[570] $ Column 5 SIMMASK SQL type 3 SQL type name tinyint(4) DB  type Tiny data size: 1 col size: 4
 [2013/07/17 16:31:08] -I- FairDb: FairDbProxy.cxx::StoreMetaData():[570] $ Column 6 TASK SQL type 3 SQL type name int(11) DB  type Int data size: 4 col size: 11
 [2013/07/17 16:31:08] -I- FairDb: FairDbProxy.cxx::StoreMetaData():[570] $ Column 7 AGGREGATENO SQL type 3 SQL type name int(11) DB  type Int data size: 4 col size: 11
 [2013/07/17 16:31:08] -I- FairDb: FairDbProxy.cxx::StoreMetaData():[570] $ Column 8 CREATIONDATE SQL type -1 SQL type name datetime DB  type Date data size: 4 col size: 19
 [2013/07/17 16:31:08] -I- FairDb: FairDbProxy.cxx::StoreMetaData():[570] $ Column 9 INSERTDATE SQL type -1 SQL type name datetime DB  type Date data size: 4 col size: 19
 [2013/07/17 16:31:08] -I- FairDb: FairDbTableProxy.cxx::FairDbTableProxy():[54] $ created FAIRDBLOGENTRY at 0x320e860 (table exists)
 [2013/07/17 16:31:08] -I- FairDb: FairDbTableProxy.cxx::FairDbTableProxy():[59] $ Connected Table Row  0x320e500
 [2013/07/17 16:31:08] -I- FairDb: FairDbStatement.cxx::ExecuteUpdate():[104] $ ExecuteUpdate SQL:test:INSERT INTO FAIRDBLOGENTRYVAL VALUES (900000009,'2013-07-17 14:31:08','2013-07-17 14:31:08',24,1,0,-1,'2013-07-17 14:31:08','2013-07-17 14:31:08');
 [2013/07/17 16:31:08] -I- FairDb: FairDbStatement.cxx::ExecuteUpdate():[104] $ ExecuteUpdate SQL:test:INSERT INTO FAIRDBLOGENTRY VALUES (900000009,1,'E105SLITPAR',900000009,900000009,1,'babai','root.exe','kvir03','localhost','E105SlitPar Test Parameter');
 [2013/07/17 16:31:08] -I- FairDb: FairDbConnection.cxx::Close():[192] $ closed connection: mysql:odbc://localhost/test
 [2013/07/17 16:31:08] -I- FairDb: FairDbTableProxyRegistry.cxx::~FairDbTableProxyRegistry():[71] $  shutdown not requested
